

Processing HomeController#index (for 127.0.0.1 at 2010-10-07 15:25:27) [GET]
Rendering template within layouts/application
Rendering home/index
Rendered home/_menu (0.3ms)
Completed in 39ms (View: 33 | 200 OK [http://localhost/]


Processing HomeController#index (for 127.0.0.1 at 2010-10-07 15:28:05) [GET]
Rendering template within layouts/application
Rendering home/index
Rendered home/_menu (0.2ms)
Completed in 10ms (View: 8 | 200 OK [http://localhost/]


Processing HomeController#index (for 127.0.0.1 at 2010-10-07 15:31:34) [GET]
Rendering template within layouts/application
Rendering home/index
Rendered home/_menu (0.3ms)
Completed in 6ms (View: 5 | 200 OK [http://localhost/]


Processing HomeController#index (for 127.0.0.1 at 2010-10-07 15:40:05) [GET]
Rendering template within layouts/application
Rendering home/index
Rendered home/_menu (0.6ms)
Completed in 7ms (View: 5 | 200 OK [http://localhost/]


Processing HomeController#index (for 127.0.0.1 at 2010-10-07 15:40:19) [GET]
Rendering template within layouts/application
Rendering home/index
Rendered home/_menu (0.8ms)
Completed in 4ms (View: 3 | 200 OK [http://localhost/]


Processing HomeController#index (for 127.0.0.1 at 2010-10-07 15:43:05) [GET]
Rendering template within layouts/application
Rendering home/index
Rendered home/_menu (0.6ms)
Completed in 6ms (View: 5 | 200 OK [http://localhost/]


Processing HomeController#index (for 127.0.0.1 at 2010-10-07 15:45:38) [GET]
Rendering template within layouts/application
Rendering home/index
Rendered home/_menu (0.6ms)
Completed in 30ms (View: 28 | 200 OK [http://localhost/]


Processing HomeController#index (for 127.0.0.1 at 2010-10-07 15:45:45) [GET]
Rendering template within layouts/application
Rendering home/index
Rendered home/_menu (0.2ms)
Completed in 4ms (View: 2 | 200 OK [http://localhost/]


Processing HomeController#index (for 127.0.0.1 at 2010-10-07 15:46:00) [GET]
Rendering template within layouts/application
Rendering home/index
Rendered home/_menu (0.2ms)
Completed in 4ms (View: 2 | 200 OK [http://localhost/]


Processing HomeController#index (for 127.0.0.1 at 2010-10-07 15:46:08) [GET]
Rendering template within layouts/application
Rendering home/index
Rendered home/_menu (0.2ms)
Completed in 3ms (View: 2 | 200 OK [http://localhost/]


Processing HomeController#index (for 127.0.0.1 at 2010-10-07 15:46:52) [GET]
Rendering template within layouts/application
Rendering home/index
Rendered home/_menu (0.2ms)
Completed in 3ms (View: 2 | 200 OK [http://localhost/]


Processing ApplicationController#index (for 127.0.0.1 at 2010-10-07 15:46:52) [GET]

ActionController::RoutingError (No route matches "/stylesheets/images/sample_menu.gif" with {:method=>:get}):
  /usr/lib/ruby/1.8/webrick/httpserver.rb:104:in `service'
  /usr/lib/ruby/1.8/webrick/httpserver.rb:65:in `run'
  /usr/lib/ruby/1.8/webrick/server.rb:173:in `start_thread'
  /usr/lib/ruby/1.8/webrick/server.rb:162:in `start'
  /usr/lib/ruby/1.8/webrick/server.rb:162:in `start_thread'
  /usr/lib/ruby/1.8/webrick/server.rb:95:in `start'
  /usr/lib/ruby/1.8/webrick/server.rb:92:in `each'
  /usr/lib/ruby/1.8/webrick/server.rb:92:in `start'
  /usr/lib/ruby/1.8/webrick/server.rb:23:in `start'
  /usr/lib/ruby/1.8/webrick/server.rb:82:in `start'
  -e:2:in `load'
  -e:2

Rendering rescues/layout (not_found)


Processing HomeController#index (for 127.0.0.1 at 2010-10-07 15:47:39) [GET]
Rendering template within layouts/application
Rendering home/index
Rendered home/_menu (0.2ms)
Completed in 4ms (View: 2 | 200 OK [http://localhost/]


Processing ApplicationController#index (for 127.0.0.1 at 2010-10-07 15:47:39) [GET]

ActionController::RoutingError (No route matches "/stylesheets/images/sample_menu.gif" with {:method=>:get}):
  /usr/lib/ruby/1.8/webrick/httpserver.rb:104:in `service'
  /usr/lib/ruby/1.8/webrick/httpserver.rb:65:in `run'
  /usr/lib/ruby/1.8/webrick/server.rb:173:in `start_thread'
  /usr/lib/ruby/1.8/webrick/server.rb:162:in `start'
  /usr/lib/ruby/1.8/webrick/server.rb:162:in `start_thread'
  /usr/lib/ruby/1.8/webrick/server.rb:95:in `start'
  /usr/lib/ruby/1.8/webrick/server.rb:92:in `each'
  /usr/lib/ruby/1.8/webrick/server.rb:92:in `start'
  /usr/lib/ruby/1.8/webrick/server.rb:23:in `start'
  /usr/lib/ruby/1.8/webrick/server.rb:82:in `start'
  -e:2:in `load'
  -e:2

Rendering rescues/layout (not_found)


Processing HomeController#index (for 127.0.0.1 at 2010-10-07 15:48:33) [GET]
Rendering template within layouts/application
Rendering home/index
Rendered home/_menu (0.2ms)
Completed in 4ms (View: 2 | 200 OK [http://localhost/]


Processing ApplicationController#index (for 127.0.0.1 at 2010-10-07 15:48:33) [GET]

ActionController::RoutingError (No route matches "/stylesheets/images/sample_menu.gif" with {:method=>:get}):
  /usr/lib/ruby/1.8/webrick/httpserver.rb:104:in `service'
  /usr/lib/ruby/1.8/webrick/httpserver.rb:65:in `run'
  /usr/lib/ruby/1.8/webrick/server.rb:173:in `start_thread'
  /usr/lib/ruby/1.8/webrick/server.rb:162:in `start'
  /usr/lib/ruby/1.8/webrick/server.rb:162:in `start_thread'
  /usr/lib/ruby/1.8/webrick/server.rb:95:in `start'
  /usr/lib/ruby/1.8/webrick/server.rb:92:in `each'
  /usr/lib/ruby/1.8/webrick/server.rb:92:in `start'
  /usr/lib/ruby/1.8/webrick/server.rb:23:in `start'
  /usr/lib/ruby/1.8/webrick/server.rb:82:in `start'
  -e:2:in `load'
  -e:2

Rendering rescues/layout (not_found)


Processing HomeController#index (for 127.0.0.1 at 2010-10-07 15:49:02) [GET]
Rendering template within layouts/application
Rendering home/index
Rendered home/_menu (0.2ms)
Completed in 4ms (View: 2 | 200 OK [http://localhost/]


Processing HomeController#index (for 127.0.0.1 at 2010-10-07 15:49:10) [GET]
Rendering template within layouts/application
Rendering home/index
Rendered home/_menu (0.2ms)
Completed in 4ms (View: 2 | 200 OK [http://localhost/]


Processing HomeController#index (for 127.0.0.1 at 2010-10-07 15:49:15) [GET]
Rendering template within layouts/application
Rendering home/index
Rendered home/_menu (0.2ms)
Completed in 4ms (View: 2 | 200 OK [http://localhost/]


Processing HomeController#index (for 127.0.0.1 at 2010-10-07 15:49:24) [GET]
Rendering template within layouts/application
Rendering home/index
Rendered home/_menu (0.5ms)
Completed in 6ms (View: 5 | 200 OK [http://localhost/]


Processing HomeController#index (for 127.0.0.1 at 2010-10-07 15:49:54) [GET]
Rendering template within layouts/application
Rendering home/index
Rendered home/_menu (0.2ms)
Completed in 4ms (View: 2 | 200 OK [http://localhost/]


Processing HomeController#index (for 127.0.0.1 at 2010-10-07 15:50:07) [GET]
Rendering template within layouts/application
Rendering home/index
Rendered home/_menu (0.2ms)
Completed in 4ms (View: 2 | 200 OK [http://localhost/]


Processing HomeController#index (for 127.0.0.1 at 2010-10-07 15:50:16) [GET]
Rendering template within layouts/application
Rendering home/index
Rendered home/_menu (0.2ms)
Completed in 4ms (View: 2 | 200 OK [http://localhost/]


Processing HomeController#index (for 127.0.0.1 at 2010-10-07 15:50:33) [GET]
Rendering template within layouts/application
Rendering home/index
Rendered home/_menu (0.2ms)
Completed in 4ms (View: 2 | 200 OK [http://localhost/]


Processing HomeController#index (for 127.0.0.1 at 2010-10-07 15:50:40) [GET]
Rendering template within layouts/application
Rendering home/index
Rendered home/_menu (0.2ms)
Completed in 3ms (View: 2 | 200 OK [http://localhost/]


Processing HomeController#index (for 127.0.0.1 at 2010-10-07 15:50:51) [GET]
Rendering template within layouts/application
Rendering home/index
Rendered home/_menu (0.2ms)
Completed in 4ms (View: 2 | 200 OK [http://localhost/]


Processing HomeController#index (for 127.0.0.1 at 2010-10-07 15:51:02) [GET]
Rendering template within layouts/application
Rendering home/index
Rendered home/_menu (0.2ms)
Completed in 4ms (View: 2 | 200 OK [http://localhost/]


Processing HomeController#index (for 127.0.0.1 at 2010-10-07 15:51:46) [GET]
Rendering template within layouts/application
Rendering home/index
Rendered home/_menu (0.2ms)
Completed in 3ms (View: 2 | 200 OK [http://localhost/]


Processing HomeController#index (for 127.0.0.1 at 2010-10-07 15:52:06) [GET]
Rendering template within layouts/application
Rendering home/index
Rendered home/_menu (0.2ms)
Completed in 3ms (View: 2 | 200 OK [http://localhost/]


Processing HomeController#index (for 127.0.0.1 at 2010-10-07 15:52:18) [GET]
Rendering template within layouts/application
Rendering home/index
Rendered home/_menu (0.2ms)
Completed in 4ms (View: 2 | 200 OK [http://localhost/]


Processing HomeController#index (for 127.0.0.1 at 2010-10-07 15:53:43) [GET]
Rendering template within layouts/application
Rendering home/index
Rendered home/_menu (0.2ms)
Completed in 5ms (View: 4 | 200 OK [http://localhost/]


Processing HomeController#index (for 127.0.0.1 at 2010-10-07 15:56:52) [GET]
Rendering template within layouts/application
Rendering home/index
Rendered home/_header (0.3ms)
Rendered home/_menu (0.2ms)
Rendered home/_menu (0.2ms)
Completed in 10ms (View: 8 | 200 OK [http://localhost/]


Processing HomeController#index (for 127.0.0.1 at 2010-10-07 15:57:20) [GET]
Rendering template within layouts/application
Rendering home/index
Rendered home/_header (0.1ms)
Rendered home/_menu (0.2ms)
Rendered home/_header (0.1ms)
Rendered home/_menu (0.2ms)
Completed in 7ms (View: 6 | 200 OK [http://localhost/]


Processing HomeController#index (for 127.0.0.1 at 2010-10-07 15:57:30) [GET]
Rendering template within layouts/application
Rendering home/index
Rendered home/_header (0.1ms)
Rendered home/_menu (0.2ms)
Completed in 7ms (View: 6 | 200 OK [http://localhost/]


Processing HomeController#index (for 127.0.0.1 at 2010-10-07 15:59:28) [GET]
Rendering template within layouts/application
Rendering home/index
Rendered home/_header (0.1ms)
Rendered home/_menu (1.2ms)
Completed in 7ms (View: 6 | 200 OK [http://localhost/]


Processing HomeController#index (for 127.0.0.1 at 2010-10-07 15:59:50) [GET]
Rendering template within layouts/application
Rendering home/index
Rendered home/_header (0.1ms)
Rendered home/_menu (0.7ms)
Completed in 4ms (View: 3 | 200 OK [http://localhost/]


Processing HomeController#index (for 127.0.0.1 at 2010-10-07 16:00:05) [GET]
Rendering template within layouts/application
Rendering home/index
Rendered home/_header (0.1ms)
Rendered home/_menu (0.7ms)
Completed in 4ms (View: 3 | 200 OK [http://localhost/]


Processing HomeController#index (for 127.0.0.1 at 2010-10-07 16:00:09) [GET]
Rendering template within layouts/application
Rendering home/index
Rendered home/_header (0.1ms)
Rendered home/_menu (0.7ms)
Completed in 5ms (View: 3 | 200 OK [http://localhost/]


Processing HomeController#index (for 127.0.0.1 at 2010-10-07 16:00:37) [GET]
Rendering template within layouts/application
Rendering home/index
Rendered home/_header (0.1ms)
Rendered home/_menu (0.6ms)
Completed in 4ms (View: 3 | 200 OK [http://localhost/]


Processing HomeController#index (for 127.0.0.1 at 2010-10-07 16:03:58) [GET]
Rendering template within layouts/application
Rendering home/index

ActionView::TemplateError (No expansion found for :rounded_corners) on line #9 of app/views/layouts/application.html.erb:
6: <%= stylesheet_link_tag 'mbhq' %>
7: 
8: <%= javascript_include_tag :defaults %>
9: <%= javascript_include_tag :rounded_corners %>
10: <%=@content_for_page_javascript %>
11: 
12: </head>

    app/views/layouts/application.html.erb:9
    /usr/lib/ruby/1.8/webrick/httpserver.rb:104:in `service'
    /usr/lib/ruby/1.8/webrick/httpserver.rb:65:in `run'
    /usr/lib/ruby/1.8/webrick/server.rb:173:in `start_thread'
    /usr/lib/ruby/1.8/webrick/server.rb:162:in `start'
    /usr/lib/ruby/1.8/webrick/server.rb:162:in `start_thread'
    /usr/lib/ruby/1.8/webrick/server.rb:95:in `start'
    /usr/lib/ruby/1.8/webrick/server.rb:92:in `each'
    /usr/lib/ruby/1.8/webrick/server.rb:92:in `start'
    /usr/lib/ruby/1.8/webrick/server.rb:23:in `start'
    /usr/lib/ruby/1.8/webrick/server.rb:82:in `start'
    -e:2:in `load'
    -e:2

Rendered rescues/_trace (58.0ms)
Rendered rescues/_request_and_response (1.0ms)
Rendering rescues/layout (internal_server_error)


Processing HomeController#index (for 127.0.0.1 at 2010-10-07 16:04:08) [GET]
Rendering template within layouts/application
Rendering home/index
Rendered home/_header (0.1ms)
Rendered home/_menu (1.2ms)
Completed in 11ms (View: 10 | 200 OK [http://localhost/]


Processing HomeController#index (for 127.0.0.1 at 2010-10-07 16:04:52) [GET]
Rendering template within layouts/application
Rendering home/index
Rendered home/_header (0.1ms)
Rendered home/_menu (0.7ms)
Completed in 10ms (View: 9 | 200 OK [http://localhost/]


Processing HomeController#index (for 127.0.0.1 at 2010-10-07 16:08:45) [GET]
Rendering template within layouts/application
Rendering home/index
Rendered home/_header (0.1ms)
Rendered home/_menu (0.7ms)
Completed in 8ms (View: 7 | 200 OK [http://localhost/]


Processing HomeController#index (for 127.0.0.1 at 2010-10-07 16:11:55) [GET]
Rendering template within layouts/application
Rendering home/index
Rendered home/_header (0.1ms)
Rendered home/_menu (1.2ms)
Completed in 8ms (View: 6 | 200 OK [http://localhost/]


Processing HomeController#index (for 127.0.0.1 at 2010-10-07 16:12:20) [GET]
Rendering template within layouts/application
Rendering home/index
Rendered home/_header (0.1ms)
Rendered home/_menu (0.6ms)
Completed in 8ms (View: 6 | 200 OK [http://localhost/]


Processing HomeController#index (for 127.0.0.1 at 2010-10-07 16:13:19) [GET]
Rendering template within layouts/application
Rendering home/index
Rendered home/_header (0.1ms)
Rendered home/_menu (0.6ms)
Completed in 5ms (View: 3 | 200 OK [http://localhost/]


Processing HomeController#index (for 127.0.0.1 at 2010-10-07 16:13:34) [GET]
Rendering template within layouts/application
Rendering home/index
Rendered home/_header (0.1ms)
Rendered home/_menu (0.7ms)
Completed in 5ms (View: 3 | 200 OK [http://localhost/]


Processing HomeController#index (for 127.0.0.1 at 2010-10-07 16:14:11) [GET]
Rendering template within layouts/application
Rendering home/index
Rendered home/_header (0.1ms)
Rendered home/_menu (0.7ms)
Completed in 5ms (View: 3 | 200 OK [http://localhost/]


Processing HomeController#index (for 127.0.0.1 at 2010-10-07 16:15:53) [GET]
Rendering template within layouts/application
Rendering home/index
Rendered home/_header (0.1ms)
Rendered home/_menu (0.6ms)
Completed in 5ms (View: 3 | 200 OK [http://localhost/]


Processing HomeController#index (for 127.0.0.1 at 2010-10-07 16:18:39) [GET]
Rendering template within layouts/application
Rendering home/index
Rendered home/_header (0.1ms)
Rendered home/_menu (0.6ms)
Completed in 4ms (View: 3 | 200 OK [http://localhost/]


Processing HomeController#index (for 127.0.0.1 at 2010-10-07 16:20:58) [GET]
Rendering template within layouts/application
Rendering home/index
Rendered home/_header (0.1ms)
Rendered home/_menu (0.6ms)
Completed in 5ms (View: 3 | 200 OK [http://localhost/]


Processing HomeController#index (for 127.0.0.1 at 2010-10-07 16:27:07) [GET]
Rendering template within layouts/application
Rendering home/index
Rendered home/_header (0.1ms)
Rendered home/_menu (1.1ms)
Completed in 10ms (View: 9 | 200 OK [http://localhost/]


Processing HomeController#index (for 127.0.0.1 at 2010-10-07 16:27:49) [GET]
Rendering template within layouts/application
Rendering home/index
Rendered home/_header (0.1ms)
Rendered home/_menu (0.6ms)
Completed in 4ms (View: 3 | 200 OK [http://localhost/]


Processing HomeController#index (for 127.0.0.1 at 2010-10-07 16:27:51) [GET]
Rendering template within layouts/application
Rendering home/index
Rendered home/_header (0.1ms)
Rendered home/_menu (0.6ms)
Completed in 4ms (View: 3 | 200 OK [http://localhost/]


Processing HomeController#index (for 127.0.0.1 at 2010-10-07 16:28:03) [GET]
Rendering template within layouts/application
Rendering home/index
Rendered home/_header (0.1ms)
Rendered home/_menu (0.6ms)
Completed in 4ms (View: 3 | 200 OK [http://localhost/]


Processing HomeController#index (for 127.0.0.1 at 2010-10-07 16:28:19) [GET]
Rendering template within layouts/application
Rendering home/index
Rendered home/_header (0.1ms)
Rendered home/_menu (0.7ms)
Completed in 4ms (View: 3 | 200 OK [http://localhost/]


Processing HomeController#index (for 127.0.0.1 at 2010-10-07 16:28:42) [GET]
Rendering template within layouts/application
Rendering home/index
Rendered home/_header (0.1ms)
Rendered home/_menu (0.7ms)
Completed in 4ms (View: 3 | 200 OK [http://localhost/]


Processing HomeController#index (for 127.0.0.1 at 2010-10-07 16:28:52) [GET]
Rendering template within layouts/application
Rendering home/index
Rendered home/_header (0.1ms)
Rendered home/_menu (0.6ms)
Completed in 4ms (View: 3 | 200 OK [http://localhost/]


Processing HomeController#index (for 127.0.0.1 at 2010-10-07 16:29:10) [GET]
Rendering template within layouts/application
Rendering home/index
Rendered home/_header (0.1ms)
Rendered home/_menu (0.7ms)
Completed in 4ms (View: 3 | 200 OK [http://localhost/]


Processing HomeController#index (for 127.0.0.1 at 2010-10-07 16:29:23) [GET]
Rendering template within layouts/application
Rendering home/index
Rendered home/_header (0.1ms)
Rendered home/_menu (0.7ms)
Completed in 4ms (View: 3 | 200 OK [http://localhost/]


Processing HomeController#index (for 127.0.0.1 at 2010-10-07 16:29:29) [GET]
Rendering template within layouts/application
Rendering home/index
Rendered home/_header (0.1ms)
Rendered home/_menu (0.6ms)
Completed in 4ms (View: 3 | 200 OK [http://localhost/]


Processing HomeController#index (for 127.0.0.1 at 2010-10-07 16:29:58) [GET]
Rendering template within layouts/application
Rendering home/index
Rendered home/_header (0.1ms)
Rendered home/_menu (0.7ms)
Completed in 4ms (View: 3 | 200 OK [http://localhost/]


Processing HomeController#index (for 127.0.0.1 at 2010-10-07 16:30:06) [GET]
Rendering template within layouts/application
Rendering home/index
Rendered home/_header (0.1ms)
Rendered home/_menu (0.6ms)
Completed in 4ms (View: 3 | 200 OK [http://localhost/]


Processing HomeController#index (for 127.0.0.1 at 2010-10-07 16:30:15) [GET]
Rendering template within layouts/application
Rendering home/index
Rendered home/_header (0.1ms)
Rendered home/_menu (0.6ms)
Completed in 4ms (View: 3 | 200 OK [http://localhost/]


Processing HomeController#index (for 127.0.0.1 at 2010-10-07 16:32:46) [GET]
Rendering template within layouts/application
Rendering home/index
Rendered home/_header (0.1ms)
Rendered home/_menu (0.6ms)
Completed in 4ms (View: 3 | 200 OK [http://localhost/]


Processing HomeController#index (for 127.0.0.1 at 2010-10-07 16:32:50) [GET]
Rendering template within layouts/application
Rendering home/index
Rendered home/_header (0.1ms)
Rendered home/_menu (0.7ms)
Completed in 4ms (View: 3 | 200 OK [http://localhost/]


Processing HomeController#index (for 127.0.0.1 at 2010-10-07 16:32:58) [GET]
Rendering template within layouts/application
Rendering home/index
Rendered home/_header (0.1ms)
Rendered home/_menu (0.7ms)
Completed in 5ms (View: 3 | 200 OK [http://localhost/]


Processing HomeController#index (for 127.0.0.1 at 2010-10-07 16:33:04) [GET]
Rendering template within layouts/application
Rendering home/index
Rendered home/_header (0.1ms)
Rendered home/_menu (0.7ms)
Completed in 4ms (View: 3 | 200 OK [http://localhost/]


Processing HomeController#index (for 127.0.0.1 at 2010-10-07 16:33:14) [GET]
Rendering template within layouts/application
Rendering home/index
Rendered home/_header (0.1ms)
Rendered home/_menu (0.6ms)
Completed in 4ms (View: 3 | 200 OK [http://localhost/]


Processing HomeController#index (for 127.0.0.1 at 2010-10-07 16:33:20) [GET]
Rendering template within layouts/application
Rendering home/index
Rendered home/_header (0.1ms)
Rendered home/_menu (0.7ms)
Completed in 31ms (View: 3 | 200 OK [http://localhost/]


Processing HomeController#index (for 127.0.0.1 at 2010-10-07 16:33:28) [GET]
Rendering template within layouts/application
Rendering home/index
Rendered home/_header (0.1ms)
Rendered home/_menu (0.8ms)
Completed in 4ms (View: 3 | 200 OK [http://localhost/]


Processing HomeController#index (for 127.0.0.1 at 2010-10-07 16:33:31) [GET]
Rendering template within layouts/application
Rendering home/index
Rendered home/_header (0.1ms)
Rendered home/_menu (0.7ms)
Completed in 4ms (View: 3 | 200 OK [http://localhost/]


Processing HomeController#index (for 127.0.0.1 at 2010-10-07 16:33:40) [GET]
Rendering template within layouts/application
Rendering home/index
Rendered home/_header (0.1ms)
Rendered home/_menu (0.6ms)
Completed in 4ms (View: 3 | 200 OK [http://localhost/]


Processing HomeController#index (for 127.0.0.1 at 2010-10-07 16:34:23) [GET]
Rendering template within layouts/application
Rendering home/index
Rendered home/_header (22.6ms)
Rendered home/_menu (1.0ms)
Completed in 28ms (View: 26 | 200 OK [http://localhost/]


Processing HomeController#index (for 127.0.0.1 at 2010-10-07 16:34:41) [GET]
Rendering template within layouts/application
Rendering home/index
Rendered home/_header (0.1ms)
Rendered home/_menu (0.7ms)
Completed in 4ms (View: 3 | 200 OK [http://localhost/]


Processing HomeController#index (for 127.0.0.1 at 2010-10-07 16:34:47) [GET]
Rendering template within layouts/application
Rendering home/index
Rendered home/_header (0.1ms)
Rendered home/_menu (0.7ms)
Completed in 4ms (View: 3 | 200 OK [http://localhost/]


Processing HomeController#index (for 127.0.0.1 at 2010-10-07 16:34:57) [GET]
Rendering template within layouts/application
Rendering home/index
Rendered home/_header (0.1ms)
Rendered home/_menu (0.6ms)
Completed in 4ms (View: 3 | 200 OK [http://localhost/]


Processing HomeController#index (for 127.0.0.1 at 2010-10-07 16:35:20) [GET]
Rendering template within layouts/application
Rendering home/index
Rendered home/_header (0.1ms)
Rendered home/_menu (0.6ms)
Completed in 4ms (View: 3 | 200 OK [http://localhost/]


Processing HomeController#index (for 127.0.0.1 at 2010-10-07 16:35:29) [GET]
Rendering template within layouts/application
Rendering home/index
Rendered home/_header (0.1ms)
Rendered home/_menu (0.7ms)
Completed in 4ms (View: 3 | 200 OK [http://localhost/]


Processing HomeController#index (for 127.0.0.1 at 2010-10-07 16:35:31) [GET]
Rendering template within layouts/application
Rendering home/index
Rendered home/_header (0.1ms)
Rendered home/_menu (0.7ms)
Completed in 4ms (View: 3 | 200 OK [http://localhost/]


Processing HomeController#index (for 127.0.0.1 at 2010-10-07 16:35:43) [GET]
Rendering template within layouts/application
Rendering home/index
Rendered home/_header (0.1ms)
Rendered home/_menu (0.6ms)
Completed in 4ms (View: 3 | 200 OK [http://localhost/]


Processing HomeController#index (for 127.0.0.1 at 2010-10-07 16:35:52) [GET]
Rendering template within layouts/application
Rendering home/index
Rendered home/_header (0.1ms)
Rendered home/_menu (0.6ms)
Completed in 4ms (View: 3 | 200 OK [http://localhost/]


Processing HomeController#index (for 127.0.0.1 at 2010-10-07 16:36:19) [GET]
Rendering template within layouts/application
Rendering home/index
Rendered home/_header (0.1ms)
Rendered home/_menu (0.7ms)
Completed in 4ms (View: 3 | 200 OK [http://localhost/]


Processing HomeController#index (for 127.0.0.1 at 2010-10-07 16:37:47) [GET]
Rendering template within layouts/application
Rendering home/index
Rendered home/_header (0.1ms)
Rendered home/_menu (0.6ms)
Completed in 7ms (View: 6 | 200 OK [http://localhost/]


Processing HomeController#index (for 127.0.0.1 at 2010-10-07 16:38:09) [GET]
Rendering template within layouts/application
Rendering home/index
Rendered home/_header (0.1ms)
Rendered home/_menu (0.6ms)
Completed in 7ms (View: 5 | 200 OK [http://localhost/]


Processing HomeController#index (for 127.0.0.1 at 2010-10-07 16:38:21) [GET]
Rendering template within layouts/application
Rendering home/index
Rendered home/_header (0.1ms)
Rendered home/_menu (0.7ms)
Completed in 7ms (View: 6 | 200 OK [http://localhost/]


Processing HomeController#index (for 127.0.0.1 at 2010-10-07 16:38:37) [GET]
Rendering template within layouts/application
Rendering home/index
Rendered home/_header (0.1ms)
Rendered home/_menu (0.6ms)
Completed in 7ms (View: 6 | 200 OK [http://localhost/]


Processing HomeController#index (for 127.0.0.1 at 2010-10-07 16:39:01) [GET]
Rendering template within layouts/application
Rendering home/index
Rendered home/_header (0.4ms)
Rendered home/_menu (0.6ms)
Completed in 7ms (View: 5 | 200 OK [http://localhost/]


Processing HomeController#index (for 127.0.0.1 at 2010-10-07 16:39:27) [GET]
Rendering template within layouts/application
Rendering home/index
Rendered home/_header (0.1ms)
Rendered home/_menu (0.7ms)
Completed in 7ms (View: 5 | 200 OK [http://localhost/]


Processing HomeController#index (for 127.0.0.1 at 2010-10-07 16:40:22) [GET]
Rendering template within layouts/application
Rendering home/index
Rendered home/_header (0.1ms)
Rendered home/_menu (0.7ms)
Completed in 4ms (View: 3 | 200 OK [http://localhost/]


Processing HomeController#index (for 127.0.0.1 at 2010-10-07 16:40:42) [GET]
Rendering template within layouts/application
Rendering home/index
Rendered home/_header (0.1ms)
Rendered home/_menu (0.6ms)
Completed in 4ms (View: 3 | 200 OK [http://localhost/]


Processing HomeController#index (for 127.0.0.1 at 2010-10-07 16:40:55) [GET]
Rendering template within layouts/application
Rendering home/index
Rendered home/_header (0.1ms)
Rendered home/_menu (0.6ms)
Completed in 4ms (View: 3 | 200 OK [http://localhost/]


Processing HomeController#index (for 127.0.0.1 at 2010-10-07 16:41:11) [GET]
Rendering template within layouts/application
Rendering home/index
Rendered home/_header (0.1ms)
Rendered home/_menu (0.6ms)
Completed in 4ms (View: 3 | 200 OK [http://localhost/]


<<<<<<< HEAD
Processing HomeController#index (for 127.0.0.1 at 2010-10-21 23:05:03) [GET]
Rendering template within layouts/application
Rendering home/index
Rendered home/_header (3.6ms)
Rendered home/_menu (9.1ms)
Completed in 229ms (View: 218 | 200 OK [http://localhost/]


Processing HomeController#index (for 127.0.0.1 at 2010-10-21 23:08:39) [GET]
Rendering template within layouts/application
Rendering home/index
Rendered home/_header (2.7ms)
Rendered home/_menu (10.4ms)
Completed in 178ms (View: 171 | 200 OK [http://localhost/]


Processing HomeController#index (for 127.0.0.1 at 2010-10-21 23:09:59) [GET]
Rendering template within layouts/application
Rendering home/index
Rendered home/_header (0.5ms)
Rendered home/_menu (4.5ms)
Completed in 26ms (View: 20 | 200 OK [http://localhost/]


Processing HomeController#index (for 127.0.0.1 at 2010-10-21 23:10:37) [GET]
Rendering template within layouts/application
Rendering home/index
Rendered home/_header (0.4ms)
Rendered home/_menu (4.5ms)
Completed in 37ms (View: 30 | 200 OK [http://localhost/]


Processing HomeController#index (for 127.0.0.1 at 2010-10-21 23:10:56) [GET]
Rendering template within layouts/application
Rendering home/index
Rendered home/_header (0.4ms)
Rendered home/_menu (4.1ms)
Completed in 35ms (View: 21 | 200 OK [http://localhost/]


Processing HomeController#index (for 127.0.0.1 at 2010-11-20 16:54:53) [GET]
Rendering template within layouts/application
Rendering home/index
Rendered home/_header (7.1ms)
Rendered home/_menu (10.0ms)
Completed in 282ms (View: 274 | 200 OK [http://localhost/]


Processing HomeController#index (for 127.0.0.1 at 2010-11-20 17:09:08) [GET]
Rendering template within layouts/application
Rendering home/index
Rendered home/_header (0.4ms)
Rendered home/_menu (3.6ms)
Completed in 30ms (View: 23 | 200 OK [http://localhost/]


Processing HomeController#index (for 127.0.0.1 at 2010-11-20 17:12:20) [GET]
Rendering template within layouts/application
Rendering home/index
Rendered home/_header (0.4ms)
Rendered home/_menu (9.1ms)
Completed in 54ms (View: 45 | 200 OK [http://localhost/]


Processing HomeController#index (for 127.0.0.1 at 2010-11-20 17:13:31) [GET]
Rendering template within layouts/application
Rendering home/index
Rendered home/_header (0.5ms)
Rendered home/_menu (11.8ms)
Completed in 68ms (View: 60 | 200 OK [http://localhost/]


Processing HomeController#index (for 127.0.0.1 at 2010-11-20 17:18:07) [GET]
Rendering template within layouts/application
Rendering home/index
Rendered home/_header (0.7ms)
Rendered home/_menu (5.9ms)
Completed in 36ms (View: 26 | 200 OK [http://localhost/]


Processing HomeController#index (for 127.0.0.1 at 2010-11-20 17:18:42) [GET]
Rendering template within layouts/application
Rendering home/index
Rendered home/_header (0.4ms)
Rendered home/_menu (9.7ms)
Completed in 51ms (View: 44 | 200 OK [http://localhost/]


Processing HomeController#index (for 127.0.0.1 at 2010-11-20 17:19:26) [GET]
Rendering template within layouts/application
Rendering home/index
Rendered home/_header (0.5ms)
Rendered home/_menu (4.9ms)
Completed in 31ms (View: 23 | 200 OK [http://localhost/]


Processing HomeController#index (for 127.0.0.1 at 2010-11-20 17:19:45) [GET]
Rendering template within layouts/application
Rendering home/index
Rendered home/_header (0.5ms)
Rendered home/_menu (4.9ms)
Completed in 37ms (View: 28 | 200 OK [http://localhost/]


Processing HomeController#index (for 127.0.0.1 at 2010-11-20 17:20:18) [GET]
Rendering template within layouts/application
Rendering home/index
Rendered home/_header (0.5ms)
Rendered home/_menu (6.1ms)
Completed in 33ms (View: 23 | 200 OK [http://localhost/]


Processing HomeController#index (for 127.0.0.1 at 2010-11-20 17:20:38) [GET]
Rendering template within layouts/application
Rendering home/index
Rendered home/_header (0.5ms)
Rendered home/_menu (4.4ms)
Completed in 27ms (View: 21 | 200 OK [http://localhost/]


Processing HomeController#index (for 127.0.0.1 at 2010-11-20 17:21:17) [GET]
Rendering template within layouts/application
Rendering home/index
Rendered home/_header (0.7ms)
Rendered home/_menu (5.5ms)
Completed in 32ms (View: 23 | 200 OK [http://localhost/]


Processing HomeController#index (for 127.0.0.1 at 2010-11-20 17:21:41) [GET]
Rendering template within layouts/application
Rendering home/index
Rendered home/_header (0.5ms)
Rendered home/_menu (14.5ms)
Completed in 60ms (View: 52 | 200 OK [http://localhost/]


Processing HomeController#index (for 127.0.0.1 at 2010-11-20 17:22:11) [GET]
Rendering template within layouts/application
Rendering home/index
Rendered home/_header (0.8ms)
Rendered home/_menu (4.9ms)
Completed in 29ms (View: 22 | 200 OK [http://localhost/]


Processing HomeController#index (for 127.0.0.1 at 2010-11-20 17:26:08) [GET]
Rendering template within layouts/application
Rendering home/index
Rendered home/_header (0.4ms)
Rendered home/_menu (5.0ms)
Completed in 27ms (View: 19 | 200 OK [http://localhost/]


Processing HomeController#index (for 127.0.0.1 at 2010-11-20 17:26:54) [GET]
Rendering template within layouts/application
Rendering home/index
Rendered home/_header (0.4ms)
Rendered home/_menu (5.6ms)
Completed in 28ms (View: 20 | 200 OK [http://localhost/]


Processing HomeController#index (for 127.0.0.1 at 2010-11-20 17:28:01) [GET]
Rendering template within layouts/application
Rendering home/index
Rendered home/_header (0.5ms)
Rendered home/_menu (4.6ms)
Completed in 26ms (View: 19 | 200 OK [http://localhost/]


Processing HomeController#index (for 127.0.0.1 at 2010-11-20 17:28:33) [GET]
Rendering template within layouts/application
Rendering home/index
Rendered home/_header (1.1ms)
Rendered home/_menu (4.6ms)
Completed in 26ms (View: 20 | 200 OK [http://localhost/]


Processing HomeController#index (for 127.0.0.1 at 2010-11-20 17:28:51) [GET]
Rendering template within layouts/application
Rendering home/index
Rendered home/_header (0.5ms)
Rendered home/_menu (5.2ms)
Completed in 27ms (View: 21 | 200 OK [http://localhost/]


Processing HomeController#index (for 127.0.0.1 at 2010-11-20 17:29:32) [GET]
Rendering template within layouts/application
Rendering home/index
Rendered home/_header (0.4ms)
Rendered home/_menu (5.6ms)
Completed in 28ms (View: 20 | 200 OK [http://localhost/]


Processing HomeController#index (for 127.0.0.1 at 2010-11-20 17:29:52) [GET]
Rendering template within layouts/application
Rendering home/index
Rendered home/_header (0.7ms)
Rendered home/_menu (5.9ms)
Completed in 28ms (View: 21 | 200 OK [http://localhost/]


Processing HomeController#index (for 127.0.0.1 at 2010-11-20 17:30:27) [GET]
Rendering template within layouts/application
Rendering home/index
Rendered home/_header (0.4ms)
Rendered home/_menu (5.4ms)
Completed in 26ms (View: 19 | 200 OK [http://localhost/]


Processing HomeController#index (for 127.0.0.1 at 2010-11-20 17:30:52) [GET]
Rendering template within layouts/application
Rendering home/index
Rendered home/_header (0.4ms)
Rendered home/_menu (6.1ms)
Completed in 28ms (View: 20 | 200 OK [http://localhost/]


Processing HomeController#index (for 127.0.0.1 at 2010-11-20 17:31:25) [GET]
Rendering template within layouts/application
Rendering home/index
Rendered home/_header (0.5ms)
Rendered home/_menu (9.3ms)
Completed in 47ms (View: 40 | 200 OK [http://localhost/]


Processing HomeController#index (for 127.0.0.1 at 2010-11-20 17:31:50) [GET]
Rendering template within layouts/application
Rendering home/index
Rendered home/_header (0.4ms)
Rendered home/_menu (5.6ms)
Completed in 27ms (View: 20 | 200 OK [http://localhost/]


Processing HomeController#index (for 127.0.0.1 at 2010-11-20 17:32:00) [GET]
Rendering template within layouts/application
Rendering home/index
Rendered home/_header (0.4ms)
Rendered home/_menu (4.8ms)
Completed in 27ms (View: 20 | 200 OK [http://localhost/]


Processing HomeController#index (for 127.0.0.1 at 2010-11-20 17:32:25) [GET]
Rendering template within layouts/application
Rendering home/index
Rendered home/_header (0.4ms)
Rendered home/_menu (5.5ms)
Completed in 27ms (View: 20 | 200 OK [http://localhost/]


Processing HomeController#index (for 127.0.0.1 at 2010-11-20 17:32:43) [GET]
Rendering template within layouts/application
Rendering home/index
Rendered home/_header (0.8ms)
Rendered home/_menu (5.0ms)
Completed in 27ms (View: 20 | 200 OK [http://localhost/]


Processing HomeController#index (for 127.0.0.1 at 2010-11-20 17:33:11) [GET]
Rendering template within layouts/application
Rendering home/index
Rendered home/_header (0.4ms)
Rendered home/_menu (5.4ms)
Completed in 27ms (View: 20 | 200 OK [http://localhost/]


Processing HomeController#index (for 127.0.0.1 at 2010-11-20 17:33:38) [GET]
Rendering template within layouts/application
Rendering home/index
Rendered home/_header (0.5ms)
Rendered home/_menu (4.8ms)
Completed in 27ms (View: 20 | 200 OK [http://localhost/]


Processing HomeController#index (for 127.0.0.1 at 2010-11-20 17:33:48) [GET]
Rendering template within layouts/application
Rendering home/index
Rendered home/_header (0.7ms)
Rendered home/_menu (5.4ms)
Completed in 42ms (View: 34 | 200 OK [http://localhost/]


Processing HomeController#index (for 127.0.0.1 at 2010-11-20 17:34:21) [GET]
Rendering template within layouts/application
Rendering home/index
Rendered home/_header (0.5ms)
Rendered home/_menu (6.9ms)
Completed in 28ms (View: 21 | 200 OK [http://localhost/]


Processing HomeController#index (for 127.0.0.1 at 2010-11-20 17:35:08) [GET]
Rendering template within layouts/application
Rendering home/index
Rendered home/_header (0.5ms)
Rendered home/_menu (11.9ms)
Completed in 54ms (View: 47 | 200 OK [http://localhost/]


Processing ApplicationController#index (for 127.0.0.1 at 2010-11-20 17:35:11) [GET]

ActionController::RoutingError (No route matches "/patterns" with {:method=>:get}):
  /usr/lib/ruby/1.8/webrick/httpserver.rb:104:in `service'
  /usr/lib/ruby/1.8/webrick/httpserver.rb:65:in `run'
  /usr/lib/ruby/1.8/webrick/server.rb:173:in `start_thread'
  /usr/lib/ruby/1.8/webrick/server.rb:162:in `start'
  /usr/lib/ruby/1.8/webrick/server.rb:162:in `start_thread'
  /usr/lib/ruby/1.8/webrick/server.rb:95:in `start'
  /usr/lib/ruby/1.8/webrick/server.rb:92:in `each'
  /usr/lib/ruby/1.8/webrick/server.rb:92:in `start'
  /usr/lib/ruby/1.8/webrick/server.rb:23:in `start'
  /usr/lib/ruby/1.8/webrick/server.rb:82:in `start'
  -e:2:in `load'
  -e:2

Rendering rescues/layout (not_found)


Processing ApplicationController#index (for 127.0.0.1 at 2010-11-20 17:37:05) [GET]

ActionController::RoutingError (No route matches "/patterns" with {:method=>:get}):
  /usr/lib/ruby/1.8/webrick/httpserver.rb:104:in `service'
  /usr/lib/ruby/1.8/webrick/httpserver.rb:65:in `run'
  /usr/lib/ruby/1.8/webrick/server.rb:173:in `start_thread'
  /usr/lib/ruby/1.8/webrick/server.rb:162:in `start'
  /usr/lib/ruby/1.8/webrick/server.rb:162:in `start_thread'
  /usr/lib/ruby/1.8/webrick/server.rb:95:in `start'
  /usr/lib/ruby/1.8/webrick/server.rb:92:in `each'
  /usr/lib/ruby/1.8/webrick/server.rb:92:in `start'
  /usr/lib/ruby/1.8/webrick/server.rb:23:in `start'
  /usr/lib/ruby/1.8/webrick/server.rb:82:in `start'
  -e:2:in `load'
  -e:2

Rendering rescues/layout (not_found)


Processing HomeController#index (for 127.0.0.1 at 2010-11-20 17:37:39) [GET]
Rendering template within layouts/application
Rendering home/index
Rendered home/_header (0.4ms)
Rendered home/_menu (5.6ms)
Completed in 30ms (View: 22 | 200 OK [http://localhost/]


Processing ApplicationController#index (for 127.0.0.1 at 2010-11-20 17:37:42) [GET]

ActionController::RoutingError (No route matches "/patterns" with {:method=>:get}):
  /usr/lib/ruby/1.8/webrick/httpserver.rb:104:in `service'
  /usr/lib/ruby/1.8/webrick/httpserver.rb:65:in `run'
  /usr/lib/ruby/1.8/webrick/server.rb:173:in `start_thread'
  /usr/lib/ruby/1.8/webrick/server.rb:162:in `start'
  /usr/lib/ruby/1.8/webrick/server.rb:162:in `start_thread'
  /usr/lib/ruby/1.8/webrick/server.rb:95:in `start'
  /usr/lib/ruby/1.8/webrick/server.rb:92:in `each'
  /usr/lib/ruby/1.8/webrick/server.rb:92:in `start'
  /usr/lib/ruby/1.8/webrick/server.rb:23:in `start'
  /usr/lib/ruby/1.8/webrick/server.rb:82:in `start'
  -e:2:in `load'
  -e:2

Rendering rescues/layout (not_found)


Processing ApplicationController#index (for 127.0.0.1 at 2010-11-20 17:37:44) [GET]

ActionController::RoutingError (No route matches "/patterns" with {:method=>:get}):
  /usr/lib/ruby/1.8/webrick/httpserver.rb:104:in `service'
  /usr/lib/ruby/1.8/webrick/httpserver.rb:65:in `run'
  /usr/lib/ruby/1.8/webrick/server.rb:173:in `start_thread'
  /usr/lib/ruby/1.8/webrick/server.rb:162:in `start'
  /usr/lib/ruby/1.8/webrick/server.rb:162:in `start_thread'
  /usr/lib/ruby/1.8/webrick/server.rb:95:in `start'
  /usr/lib/ruby/1.8/webrick/server.rb:92:in `each'
  /usr/lib/ruby/1.8/webrick/server.rb:92:in `start'
  /usr/lib/ruby/1.8/webrick/server.rb:23:in `start'
  /usr/lib/ruby/1.8/webrick/server.rb:82:in `start'
  -e:2:in `load'
  -e:2

Rendering rescues/layout (not_found)


Processing HomeController#index (for 127.0.0.1 at 2010-11-20 17:38:55) [GET]
Rendering template within layouts/application
Rendering home/index
Rendered home/_header (0.4ms)
Rendered home/_menu (5.1ms)
Completed in 25ms (View: 19 | 200 OK [http://localhost/]


Processing ApplicationController#index (for 127.0.0.1 at 2010-11-20 17:38:57) [GET]

ActionController::RoutingError (No route matches "/patterns" with {:method=>:get}):
  /usr/lib/ruby/1.8/webrick/httpserver.rb:104:in `service'
  /usr/lib/ruby/1.8/webrick/httpserver.rb:65:in `run'
  /usr/lib/ruby/1.8/webrick/server.rb:173:in `start_thread'
  /usr/lib/ruby/1.8/webrick/server.rb:162:in `start'
  /usr/lib/ruby/1.8/webrick/server.rb:162:in `start_thread'
  /usr/lib/ruby/1.8/webrick/server.rb:95:in `start'
  /usr/lib/ruby/1.8/webrick/server.rb:92:in `each'
  /usr/lib/ruby/1.8/webrick/server.rb:92:in `start'
  /usr/lib/ruby/1.8/webrick/server.rb:23:in `start'
  /usr/lib/ruby/1.8/webrick/server.rb:82:in `start'
  -e:2:in `load'
  -e:2

Rendering rescues/layout (not_found)


Processing HomeController#index (for 127.0.0.1 at 2010-11-20 17:43:57) [GET]
Rendering template within layouts/application
Rendering home/index
Rendered home/_header (0.5ms)
Rendered home/_menu (6.0ms)
Completed in 74ms (View: 68 | 200 OK [http://localhost/]


Processing HomeController#index (for 127.0.0.1 at 2010-11-20 17:44:01) [GET]
Rendering template within layouts/application
Rendering home/index
Rendered home/_header (0.4ms)
Rendered home/_menu (5.2ms)
Completed in 26ms (View: 20 | 200 OK [http://localhost/]


Processing HomeController#index (for 127.0.0.1 at 2010-11-20 17:44:31) [GET]
Rendering template within layouts/application
Rendering home/index
Rendered home/_header (2.9ms)
Rendered home/_menu (10.3ms)
Completed in 155ms (View: 149 | 200 OK [http://localhost/]


Processing PatternsController#index (for 127.0.0.1 at 2010-11-20 17:44:42) [GET]
Rendering template within layouts/application
Rendering patterns/index
Rendered home/_header (0.6ms)
Rendered home/_menu (12.5ms)
Completed in 151ms (View: 144 | 200 OK [http://localhost/patterns]


Processing HomeController#index (for 127.0.0.1 at 2010-11-20 17:44:46) [GET]
Rendering template within layouts/application
Rendering home/index
Rendered home/_header (0.4ms)
Rendered home/_menu (5.3ms)
Completed in 35ms (View: 27 | 200 OK [http://localhost/]


Processing HomeController#index (for 127.0.0.1 at 2010-11-20 17:44:48) [GET]
Rendering template within layouts/application
Rendering home/index
Rendered home/_header (0.4ms)
Rendered home/_menu (6.0ms)
Completed in 28ms (View: 22 | 200 OK [http://localhost/]


Processing PatternsController#index (for 127.0.0.1 at 2010-11-20 17:59:27) [GET]
Rendering template within layouts/application
Rendering patterns/index
Rendered patterns/_thumbnails (9.2ms)
Rendered patterns/_quilt (2.4ms)
Rendered home/_header (0.6ms)
Rendered home/_menu (6.3ms)
Completed in 107ms (View: 101 | 200 OK [http://localhost/patterns]


Processing PatternsController#index (for 127.0.0.1 at 2010-11-20 18:08:27) [GET]
Rendering template within layouts/application
Rendering patterns/index
Rendered patterns/_quilt (4.2ms)
Rendered patterns/_quilt (2.9ms)
Rendered patterns/_quilt (3.1ms)
Rendered patterns/_quilt (2.8ms)
Rendered patterns/_thumbnails (277.4ms)
Rendered patterns/_quilt (4.7ms)
Rendered home/_header (0.5ms)
Rendered home/_menu (6.2ms)
Completed in 331ms (View: 324 | 200 OK [http://localhost/patterns]


Processing PatternsController#index (for 127.0.0.1 at 2010-11-20 18:16:36) [GET]
Rendering template within layouts/application
Rendering patterns/index
Rendered patterns/_quilt (2.2ms)
Rendered patterns/_quilt (3.0ms)
Rendered patterns/_quilt (3.2ms)
Rendered patterns/_quilt (2.5ms)
Rendered patterns/_thumbnails (55.3ms)
Rendered patterns/_quilt (2.2ms)
Rendered home/_header (0.4ms)
Rendered home/_menu (5.4ms)
Completed in 87ms (View: 81 | 200 OK [http://localhost/patterns]


Processing PatternsController#index (for 127.0.0.1 at 2010-11-20 18:17:49) [GET]
Rendering template within layouts/application
Rendering patterns/index
Rendered patterns/_quilt (3.5ms)
Rendered patterns/_quilt (2.5ms)
Rendered patterns/_quilt (3.0ms)
Rendered patterns/_quilt (3.1ms)
Rendered patterns/_thumbnails (65.3ms)
Rendered patterns/_quilt (2.2ms)
Rendered home/_header (0.4ms)
Rendered home/_menu (5.7ms)
Completed in 292ms (View: 285 | 200 OK [http://localhost/patterns]


Processing PatternsController#index (for 127.0.0.1 at 2010-11-20 18:18:45) [GET]
Rendering template within layouts/application
Rendering patterns/index

ActionView::TemplateError (undefined local variable or method `name' for #<ActionView::Base:0xb731079c>) on line #2 of app/views/patterns/_quilt.html.erb:
1: <% 
2: puts name
3: name = "chickens_and_noodles" if name.nil? 
4: %>
5: <div id="quilt">

    app/views/patterns/_quilt.html.erb:2
    app/views/patterns/_thumbnails.html.erb:5
    app/views/patterns/_thumbnails.html.erb:4
    app/views/patterns/_thumbnails.html.erb:2:in `each_pair'
    app/views/patterns/_thumbnails.html.erb:2
    app/views/patterns/index.html.erb:3
    /usr/lib/ruby/1.8/webrick/httpserver.rb:104:in `service'
    /usr/lib/ruby/1.8/webrick/httpserver.rb:65:in `run'
    /usr/lib/ruby/1.8/webrick/server.rb:173:in `start_thread'
    /usr/lib/ruby/1.8/webrick/server.rb:162:in `start'
    /usr/lib/ruby/1.8/webrick/server.rb:162:in `start_thread'
    /usr/lib/ruby/1.8/webrick/server.rb:95:in `start'
    /usr/lib/ruby/1.8/webrick/server.rb:92:in `each'
    /usr/lib/ruby/1.8/webrick/server.rb:92:in `start'
    /usr/lib/ruby/1.8/webrick/server.rb:23:in `start'
    /usr/lib/ruby/1.8/webrick/server.rb:82:in `start'
    -e:2:in `load'
    -e:2

Rendered rescues/_trace (464.4ms)
Rendered rescues/_request_and_response (5.3ms)
Rendering rescues/layout (internal_server_error)


Processing PatternsController#index (for 127.0.0.1 at 2010-11-20 18:19:26) [GET]
Rendering template within layouts/application
Rendering patterns/index

ActionView::TemplateError (undefined local variable or method `name' for #<ActionView::Base:0xb7300ae0>) on line #2 of app/views/patterns/_quilt.html.erb:
1: <% 
2: puts name
3: name = "chickens_and_noodles" if name.nil? 
4: %>
5: <div id="quilt">

    app/views/patterns/_quilt.html.erb:2
    app/views/patterns/_thumbnails.html.erb:5
    app/views/patterns/_thumbnails.html.erb:4
    app/views/patterns/_thumbnails.html.erb:2:in `each_pair'
    app/views/patterns/_thumbnails.html.erb:2
    app/views/patterns/index.html.erb:3
    /usr/lib/ruby/1.8/webrick/httpserver.rb:104:in `service'
    /usr/lib/ruby/1.8/webrick/httpserver.rb:65:in `run'
    /usr/lib/ruby/1.8/webrick/server.rb:173:in `start_thread'
    /usr/lib/ruby/1.8/webrick/server.rb:162:in `start'
    /usr/lib/ruby/1.8/webrick/server.rb:162:in `start_thread'
    /usr/lib/ruby/1.8/webrick/server.rb:95:in `start'
    /usr/lib/ruby/1.8/webrick/server.rb:92:in `each'
    /usr/lib/ruby/1.8/webrick/server.rb:92:in `start'
    /usr/lib/ruby/1.8/webrick/server.rb:23:in `start'
    /usr/lib/ruby/1.8/webrick/server.rb:82:in `start'
    -e:2:in `load'
    -e:2

Rendered rescues/_trace (268.2ms)
Rendered rescues/_request_and_response (3.0ms)
Rendering rescues/layout (internal_server_error)


Processing PatternsController#index (for 127.0.0.1 at 2010-11-20 18:19:53) [GET]
Rendering template within layouts/application
Rendering patterns/index
Rendered patterns/_quilt (9.3ms)
Rendered patterns/_quilt (263.3ms)
Rendered patterns/_quilt (6.0ms)
Rendered patterns/_quilt (6.5ms)
Rendered patterns/_thumbnails (348.0ms)
Rendered patterns/_quilt (6.2ms)
Rendered home/_header (0.4ms)
Rendered home/_menu (4.9ms)
Completed in 384ms (View: 377 | 200 OK [http://localhost/patterns]


Processing PatternsController#index (for 127.0.0.1 at 2010-11-20 18:20:24) [GET]
Rendering template within layouts/application
Rendering patterns/index
Rendered patterns/_quilt (6.6ms)
Rendered patterns/_quilt (4.6ms)
Rendered patterns/_quilt (3.6ms)
Rendered patterns/_quilt (8.9ms)
Rendered patterns/_thumbnails (96.5ms)
Rendered patterns/_quilt (7.8ms)
Rendered home/_header (0.4ms)
Rendered home/_menu (5.4ms)
Completed in 142ms (View: 135 | 200 OK [http://localhost/patterns]


Processing PatternsController#index (for 127.0.0.1 at 2010-11-20 18:20:42) [GET]
Rendering template within layouts/application
Rendering patterns/index

ActionView::TemplateError (undefined local variable or method `name' for #<ActionView::Base:0xb73c8d9c>) on line #2 of app/views/patterns/_quilt.html.erb:
1: <% 
2: puts YAML::dump(name)
3: name = "chickens_and_noodles" if name.nil? 
4: %>
5: <div id="quilt">

    app/views/patterns/_quilt.html.erb:2
    app/views/patterns/_thumbnails.html.erb:5
    app/views/patterns/_thumbnails.html.erb:4
    app/views/patterns/_thumbnails.html.erb:2:in `each_pair'
    app/views/patterns/_thumbnails.html.erb:2
    app/views/patterns/index.html.erb:3
    /usr/lib/ruby/1.8/webrick/httpserver.rb:104:in `service'
    /usr/lib/ruby/1.8/webrick/httpserver.rb:65:in `run'
    /usr/lib/ruby/1.8/webrick/server.rb:173:in `start_thread'
    /usr/lib/ruby/1.8/webrick/server.rb:162:in `start'
    /usr/lib/ruby/1.8/webrick/server.rb:162:in `start_thread'
    /usr/lib/ruby/1.8/webrick/server.rb:95:in `start'
    /usr/lib/ruby/1.8/webrick/server.rb:92:in `each'
    /usr/lib/ruby/1.8/webrick/server.rb:92:in `start'
    /usr/lib/ruby/1.8/webrick/server.rb:23:in `start'
    /usr/lib/ruby/1.8/webrick/server.rb:82:in `start'
    -e:2:in `load'
    -e:2

Rendered rescues/_trace (303.3ms)
Rendered rescues/_request_and_response (2.4ms)
Rendering rescues/layout (internal_server_error)


Processing PatternsController#index (for 127.0.0.1 at 2010-11-20 18:21:32) [GET]
Rendering template within layouts/application
Rendering patterns/index
Rendered patterns/_quilt (7.7ms)
Rendered patterns/_quilt (5.1ms)
Rendered patterns/_quilt (4.8ms)
Rendered patterns/_quilt (5.3ms)
Rendered patterns/_thumbnails (80.4ms)
Rendered patterns/_quilt (5.2ms)
Rendered home/_header (9.1ms)
Rendered home/_menu (6.0ms)
Completed in 376ms (View: 370 | 200 OK [http://localhost/patterns]


Processing PatternsController#index (for 127.0.0.1 at 2010-11-20 18:27:18) [GET]
Rendering template within layouts/application
Rendering patterns/index
Rendered patterns/_quilt (9.8ms)
Rendered patterns/_quilt (5.6ms)
Rendered patterns/_quilt (6.0ms)
Rendered patterns/_quilt (6.3ms)
Rendered patterns/_thumbnails (103.7ms)
Rendered patterns/_quilt (5.7ms)
Rendered home/_header (2.1ms)
Rendered home/_menu (6.2ms)
Completed in 144ms (View: 135 | 200 OK [http://localhost/patterns]


Processing ApplicationController#index (for 127.0.0.1 at 2010-11-20 18:27:19) [GET]

ActionController::RoutingError (No route matches "/images/quilt_chickens_and_noodles.jpg" with {:method=>:get}):
  /usr/lib/ruby/1.8/webrick/httpserver.rb:104:in `service'
  /usr/lib/ruby/1.8/webrick/httpserver.rb:65:in `run'
  /usr/lib/ruby/1.8/webrick/server.rb:173:in `start_thread'
  /usr/lib/ruby/1.8/webrick/server.rb:162:in `start'
  /usr/lib/ruby/1.8/webrick/server.rb:162:in `start_thread'
  /usr/lib/ruby/1.8/webrick/server.rb:95:in `start'
  /usr/lib/ruby/1.8/webrick/server.rb:92:in `each'
  /usr/lib/ruby/1.8/webrick/server.rb:92:in `start'
  /usr/lib/ruby/1.8/webrick/server.rb:23:in `start'
  /usr/lib/ruby/1.8/webrick/server.rb:82:in `start'
  -e:2:in `load'
  -e:2

Rendering rescues/layout (not_found)


Processing PatternsController#index (for 127.0.0.1 at 2010-11-20 18:27:49) [GET]
Rendering template within layouts/application
Rendering patterns/index
Rendered patterns/_quilt (8.2ms)
Rendered patterns/_quilt (5.4ms)
Rendered patterns/_quilt (5.1ms)
Rendered patterns/_quilt (5.9ms)
Rendered patterns/_thumbnails (89.8ms)
Rendered patterns/_quilt (7.0ms)
Rendered home/_header (0.4ms)
Rendered home/_menu (5.5ms)
Completed in 125ms (View: 118 | 200 OK [http://localhost/patterns]


Processing PatternsController#index (for 127.0.0.1 at 2010-11-20 18:29:24) [GET]
Rendering template within layouts/application
Rendering patterns/index
ERROR: compiling _run_erb_app47views47patterns47_thumbnails46html46erb_locals_object_thumbnails RAISED compile error
/home/jill/www/MBHQ/app/views/patterns/_thumbnails.html.erb:6: syntax error, unexpected '\n', expecting kDO_BLOCK
/home/jill/www/MBHQ/app/views/patterns/_thumbnails.html.erb:10: syntax error, unexpected kEND, expecting '}'
;  end ; @output_buffer.concat "\n</div>\n"
      ^
/home/jill/www/MBHQ/app/views/patterns/_thumbnails.html.erb:13: syntax error, unexpected kENSURE, expecting '}'
/home/jill/www/MBHQ/app/views/patterns/_thumbnails.html.erb:15: syntax error, unexpected kEND, expecting '}'
Function body:           def _run_erb_app47views47patterns47_thumbnails46html46erb_locals_object_thumbnails(local_assigns)
            old_output_buffer = output_buffer;thumbnails = local_assigns[:thumbnails];object = local_assigns[:object];;@output_buffer = '';  __in_erb_template=true ; @output_buffer.concat "<div id=\"thumbnails\">\n"
;  @quilts.each_pair do |name,title| ; @output_buffer.concat "\n\t"
; @output_buffer.concat(( link_to_function(image_tag("thumb_#{name}.gif"),
	    render(:update) { |page| 
			page.replace_html("quilt",{:partial => "quilt",:locals => {:pattern => name}},
			page.visual_effect  :toggle_blind
		})
	
	).to_s); @output_buffer.concat "\t\n"
;  end ; @output_buffer.concat "\n</div>\n"

; @output_buffer
          ensure
            self.output_buffer = old_output_buffer
          end
Backtrace: /home/jill/www/MBHQ/app/views/patterns/_thumbnails.html.erb:15:in `compile!'
/var/lib/gems/1.8/gems/actionpack-2.3.5/lib/action_view/renderable.rb:61:in `compile'
/var/lib/gems/1.8/gems/actionpack-2.3.5/lib/action_view/renderable.rb:28:in `render'
/var/lib/gems/1.8/gems/actionpack-2.3.5/lib/action_view/renderable_partial.rb:20:in `render'
/var/lib/gems/1.8/gems/actionpack-2.3.5/lib/action_controller/benchmarking.rb:26:in `benchmark'
/var/lib/gems/1.8/gems/activesupport-2.3.5/lib/active_support/core_ext/benchmark.rb:17:in `ms'
/usr/lib/ruby/1.8/benchmark.rb:308:in `realtime'
/var/lib/gems/1.8/gems/activesupport-2.3.5/lib/active_support/core_ext/benchmark.rb:17:in `ms'
/var/lib/gems/1.8/gems/actionpack-2.3.5/lib/action_controller/benchmarking.rb:26:in `benchmark'
/var/lib/gems/1.8/gems/actionpack-2.3.5/lib/action_view/renderable_partial.rb:19:in `render'
/var/lib/gems/1.8/gems/actionpack-2.3.5/lib/action_view/template.rb:205:in `render_template'
/var/lib/gems/1.8/gems/actionpack-2.3.5/lib/action_view/renderable_partial.rb:44:in `render_partial'
/var/lib/gems/1.8/gems/actionpack-2.3.5/lib/action_view/partials.rb:184:in `render_partial'
/var/lib/gems/1.8/gems/actionpack-2.3.5/lib/action_view/base.rb:267:in `render'
/home/jill/www/MBHQ/app/views/patterns/index.html.erb:3:in `_run_erb_app47views47patterns47index46html46erb'
/var/lib/gems/1.8/gems/actionpack-2.3.5/lib/action_view/renderable.rb:34:in `send'
/var/lib/gems/1.8/gems/actionpack-2.3.5/lib/action_view/renderable.rb:34:in `render'
/var/lib/gems/1.8/gems/actionpack-2.3.5/lib/action_view/base.rb:306:in `with_template'
/var/lib/gems/1.8/gems/actionpack-2.3.5/lib/action_view/renderable.rb:30:in `render'
/var/lib/gems/1.8/gems/actionpack-2.3.5/lib/action_view/template.rb:205:in `render_template'
/var/lib/gems/1.8/gems/actionpack-2.3.5/lib/action_view/base.rb:265:in `render'
/var/lib/gems/1.8/gems/actionpack-2.3.5/lib/action_view/base.rb:348:in `_render_with_layout'
/var/lib/gems/1.8/gems/actionpack-2.3.5/lib/action_view/base.rb:262:in `render'
/var/lib/gems/1.8/gems/actionpack-2.3.5/lib/action_controller/base.rb:1250:in `render_for_file'
/var/lib/gems/1.8/gems/actionpack-2.3.5/lib/action_controller/base.rb:945:in `render_without_benchmark'
/var/lib/gems/1.8/gems/actionpack-2.3.5/lib/action_controller/benchmarking.rb:51:in `render'
/var/lib/gems/1.8/gems/activesupport-2.3.5/lib/active_support/core_ext/benchmark.rb:17:in `ms'
/usr/lib/ruby/1.8/benchmark.rb:308:in `realtime'
/var/lib/gems/1.8/gems/activesupport-2.3.5/lib/active_support/core_ext/benchmark.rb:17:in `ms'
/var/lib/gems/1.8/gems/actionpack-2.3.5/lib/action_controller/benchmarking.rb:51:in `render'
/var/lib/gems/1.8/gems/actionpack-2.3.5/lib/action_controller/base.rb:1326:in `default_render'
/var/lib/gems/1.8/gems/actionpack-2.3.5/lib/action_controller/base.rb:1332:in `perform_action_without_filters'
/var/lib/gems/1.8/gems/actionpack-2.3.5/lib/action_controller/filters.rb:617:in `call_filters'
/var/lib/gems/1.8/gems/actionpack-2.3.5/lib/action_controller/filters.rb:610:in `perform_action_without_benchmark'
/var/lib/gems/1.8/gems/actionpack-2.3.5/lib/action_controller/benchmarking.rb:68:in `perform_action_without_rescue'
/var/lib/gems/1.8/gems/activesupport-2.3.5/lib/active_support/core_ext/benchmark.rb:17:in `ms'
/usr/lib/ruby/1.8/benchmark.rb:308:in `realtime'
/var/lib/gems/1.8/gems/activesupport-2.3.5/lib/active_support/core_ext/benchmark.rb:17:in `ms'
/var/lib/gems/1.8/gems/actionpack-2.3.5/lib/action_controller/benchmarking.rb:68:in `perform_action_without_rescue'
/var/lib/gems/1.8/gems/actionpack-2.3.5/lib/action_controller/rescue.rb:160:in `perform_action_without_flash'
/var/lib/gems/1.8/gems/actionpack-2.3.5/lib/action_controller/flash.rb:146:in `perform_action'
/var/lib/gems/1.8/gems/actionpack-2.3.5/lib/action_controller/base.rb:532:in `send'
/var/lib/gems/1.8/gems/actionpack-2.3.5/lib/action_controller/base.rb:532:in `process_without_filters'
/var/lib/gems/1.8/gems/actionpack-2.3.5/lib/action_controller/filters.rb:606:in `process'
/var/lib/gems/1.8/gems/actionpack-2.3.5/lib/action_controller/base.rb:391:in `process'
/var/lib/gems/1.8/gems/actionpack-2.3.5/lib/action_controller/base.rb:386:in `call'
/var/lib/gems/1.8/gems/actionpack-2.3.5/lib/action_controller/routing/route_set.rb:437:in `call'
/var/lib/gems/1.8/gems/actionpack-2.3.5/lib/action_controller/dispatcher.rb:87:in `dispatch'
/var/lib/gems/1.8/gems/actionpack-2.3.5/lib/action_controller/dispatcher.rb:121:in `_call'
/var/lib/gems/1.8/gems/actionpack-2.3.5/lib/action_controller/dispatcher.rb:130
/var/lib/gems/1.8/gems/actionpack-2.3.5/lib/action_controller/string_coercion.rb:25:in `call'
/var/lib/gems/1.8/gems/actionpack-2.3.5/lib/action_controller/string_coercion.rb:25:in `call'
/var/lib/gems/1.8/gems/rack-1.0.1/lib/rack/head.rb:9:in `call'
/var/lib/gems/1.8/gems/rack-1.0.1/lib/rack/methodoverride.rb:24:in `call'
/var/lib/gems/1.8/gems/actionpack-2.3.5/lib/action_controller/params_parser.rb:15:in `call'
/var/lib/gems/1.8/gems/actionpack-2.3.5/lib/action_controller/session/cookie_store.rb:93:in `call'
/var/lib/gems/1.8/gems/actionpack-2.3.5/lib/action_controller/failsafe.rb:26:in `call'
/var/lib/gems/1.8/gems/rack-1.0.1/lib/rack/lock.rb:11:in `call'
/var/lib/gems/1.8/gems/rack-1.0.1/lib/rack/lock.rb:11:in `synchronize'
/var/lib/gems/1.8/gems/rack-1.0.1/lib/rack/lock.rb:11:in `call'
/var/lib/gems/1.8/gems/actionpack-2.3.5/lib/action_controller/dispatcher.rb:114:in `call'
/var/lib/gems/1.8/gems/actionpack-2.3.5/lib/action_controller/reloader.rb:34:in `run'
/var/lib/gems/1.8/gems/actionpack-2.3.5/lib/action_controller/dispatcher.rb:108:in `call'
/var/lib/gems/1.8/gems/rails-2.3.5/lib/rails/rack/static.rb:31:in `call'
/var/lib/gems/1.8/gems/rack-1.0.1/lib/rack/urlmap.rb:46:in `call'
/var/lib/gems/1.8/gems/rack-1.0.1/lib/rack/urlmap.rb:40:in `each'
/var/lib/gems/1.8/gems/rack-1.0.1/lib/rack/urlmap.rb:40:in `call'
/var/lib/gems/1.8/gems/rails-2.3.5/lib/rails/rack/log_tailer.rb:17:in `call'
/var/lib/gems/1.8/gems/rack-1.0.1/lib/rack/content_length.rb:13:in `call'
/var/lib/gems/1.8/gems/rack-1.0.1/lib/rack/handler/webrick.rb:50:in `service'
/usr/lib/ruby/1.8/webrick/httpserver.rb:104:in `service'
/usr/lib/ruby/1.8/webrick/httpserver.rb:65:in `run'
/usr/lib/ruby/1.8/webrick/server.rb:173:in `start_thread'
/usr/lib/ruby/1.8/webrick/server.rb:162:in `start'
/usr/lib/ruby/1.8/webrick/server.rb:162:in `start_thread'
/usr/lib/ruby/1.8/webrick/server.rb:95:in `start'
/usr/lib/ruby/1.8/webrick/server.rb:92:in `each'
/usr/lib/ruby/1.8/webrick/server.rb:92:in `start'
/usr/lib/ruby/1.8/webrick/server.rb:23:in `start'
/usr/lib/ruby/1.8/webrick/server.rb:82:in `start'
/var/lib/gems/1.8/gems/rack-1.0.1/lib/rack/handler/webrick.rb:14:in `run'
/var/lib/gems/1.8/gems/rails-2.3.5/lib/commands/server.rb:111
/usr/lib/ruby/1.8/rubygems/custom_require.rb:31:in `gem_original_require'
/usr/lib/ruby/1.8/rubygems/custom_require.rb:31:in `require'
./script/server:3
-e:2:in `load'
-e:2

ActionView::TemplateError (compile error
/home/jill/www/MBHQ/app/views/patterns/_thumbnails.html.erb:6: syntax error, unexpected '\n', expecting kDO_BLOCK
/home/jill/www/MBHQ/app/views/patterns/_thumbnails.html.erb:10: syntax error, unexpected kEND, expecting '}'
;  end ; @output_buffer.concat "\n</div>\n"
      ^
/home/jill/www/MBHQ/app/views/patterns/_thumbnails.html.erb:13: syntax error, unexpected kENSURE, expecting '}'
/home/jill/www/MBHQ/app/views/patterns/_thumbnails.html.erb:15: syntax error, unexpected kEND, expecting '}') on line #6 of app/views/patterns/_thumbnails.html.erb:
3: 	<%= link_to_function(image_tag("thumb_#{name}.gif"),
4: 	    render(:update) { |page| 
5: 			page.replace_html("quilt",{:partial => "quilt",:locals => {:pattern => name}},
6: 			page.visual_effect  :toggle_blind
7: 		})
8: 	
9: 	%>	

    app/views/patterns/_thumbnails.html.erb:15:in `compile!'
    app/views/patterns/index.html.erb:3
    /usr/lib/ruby/1.8/webrick/httpserver.rb:104:in `service'
    /usr/lib/ruby/1.8/webrick/httpserver.rb:65:in `run'
    /usr/lib/ruby/1.8/webrick/server.rb:173:in `start_thread'
    /usr/lib/ruby/1.8/webrick/server.rb:162:in `start'
    /usr/lib/ruby/1.8/webrick/server.rb:162:in `start_thread'
    /usr/lib/ruby/1.8/webrick/server.rb:95:in `start'
    /usr/lib/ruby/1.8/webrick/server.rb:92:in `each'
    /usr/lib/ruby/1.8/webrick/server.rb:92:in `start'
    /usr/lib/ruby/1.8/webrick/server.rb:23:in `start'
    /usr/lib/ruby/1.8/webrick/server.rb:82:in `start'
    -e:2:in `load'
    -e:2

Rendered rescues/_trace (383.2ms)
Rendered rescues/_request_and_response (1.2ms)
Rendering rescues/layout (internal_server_error)


Processing PatternsController#index (for 127.0.0.1 at 2010-11-20 18:39:23) [GET]
Rendering template within layouts/application
Rendering patterns/index
Rendered patterns/_quilt (5.3ms)
Rendered patterns/_quilt (4.8ms)
Rendered patterns/_quilt (5.6ms)
Rendered patterns/_quilt (5.1ms)
Rendered patterns/_thumbnails (77.8ms)
Rendered patterns/_quilt (5.0ms)
Rendered home/_header (0.4ms)
Rendered home/_menu (5.5ms)
Completed in 127ms (View: 120 | 200 OK [http://localhost/patterns]


Processing PatternsController#index (for 127.0.0.1 at 2010-11-20 18:40:09) [GET]
Rendering template within layouts/application
Rendering patterns/index
Rendered patterns/_quilt (6.4ms)
Rendered patterns/_quilt (5.3ms)
Rendered patterns/_quilt (5.6ms)
Rendered patterns/_quilt (6.9ms)
Rendered patterns/_thumbnails (87.6ms)
Rendered patterns/_quilt (4.0ms)
Rendered home/_header (0.9ms)
Rendered home/_menu (5.1ms)
Completed in 137ms (View: 131 | 200 OK [http://localhost/patterns]


Processing PatternsController#index (for 127.0.0.1 at 2010-11-20 18:40:28) [GET]
Rendering template within layouts/application
Rendering patterns/index
Rendered patterns/_quilt (7.6ms)
Rendered patterns/_quilt (6.0ms)
Rendered patterns/_quilt (5.0ms)
Rendered patterns/_quilt (5.3ms)
Rendered patterns/_thumbnails (85.5ms)
Rendered patterns/_quilt (4.0ms)
Rendered home/_header (0.7ms)
Rendered home/_menu (5.3ms)
Completed in 145ms (View: 136 | 200 OK [http://localhost/patterns]


Processing PatternsController#index (for 127.0.0.1 at 2010-11-20 18:41:29) [GET]
Rendering template within layouts/application
Rendering patterns/index
Rendered patterns/_quilt (6.2ms)
Rendered patterns/_quilt (5.6ms)
Rendered patterns/_quilt (6.3ms)
Rendered patterns/_quilt (5.7ms)
Rendered patterns/_thumbnails (88.3ms)
Rendered patterns/_quilt (3.9ms)
Rendered home/_header (0.4ms)
Rendered home/_menu (5.9ms)
Completed in 139ms (View: 132 | 200 OK [http://localhost/patterns]


Processing PatternsController#index (for 127.0.0.1 at 2010-11-20 18:42:17) [GET]
Rendering template within layouts/application
Rendering patterns/index
Rendered patterns/_quilt (6.7ms)
Rendered patterns/_quilt (5.1ms)
Rendered patterns/_quilt (5.0ms)
Rendered patterns/_quilt (6.0ms)
Rendered patterns/_thumbnails (81.1ms)
Rendered patterns/_quilt (4.1ms)
Rendered home/_header (0.5ms)
Rendered home/_menu (6.0ms)
Completed in 116ms (View: 109 | 200 OK [http://localhost/patterns]


Processing PatternsController#index (for 127.0.0.1 at 2010-11-20 18:43:08) [GET]
Rendering template within layouts/application
Rendering patterns/index
Rendered patterns/_quilt (6.1ms)
Rendered patterns/_quilt (5.6ms)
Rendered patterns/_quilt (5.4ms)
Rendered patterns/_quilt (5.5ms)
Rendered patterns/_thumbnails (78.6ms)
Rendered patterns/_quilt (4.0ms)
Rendered home/_header (0.4ms)
Rendered home/_menu (5.2ms)
Completed in 110ms (View: 104 | 200 OK [http://localhost/patterns]
=======
Processing HomeController#index (for 127.0.0.1 at 2010-11-11 09:16:24) [GET]
Rendering template within layouts/application
Rendering home/index
Rendered home/_header (0.6ms)
Rendered home/_menu (1.5ms)
Completed in 36ms (View: 35 | 200 OK [http://localhost/]


Processing HomeController#index (for 127.0.0.1 at 2010-11-11 09:16:48) [GET]
Rendering template within layouts/application
Rendering home/index
Rendered home/_header (0.1ms)
Rendered home/_menu (0.8ms)
Completed in 5ms (View: 4 | 200 OK [http://localhost/]


Processing HomeController#index (for 127.0.0.1 at 2010-11-11 09:16:59) [GET]
Rendering template within layouts/application
Rendering home/index
Rendered home/_header (0.1ms)
Rendered home/_menu (0.7ms)
Completed in 4ms (View: 3 | 200 OK [http://localhost/]


Processing HomeController#index (for 127.0.0.1 at 2010-11-11 09:17:08) [GET]
Rendering template within layouts/application
Rendering home/index
Rendered home/_header (0.1ms)
Rendered home/_menu (0.6ms)
Completed in 4ms (View: 3 | 200 OK [http://localhost/]


Processing HomeController#index (for 127.0.0.1 at 2010-11-11 09:17:13) [GET]
Rendering template within layouts/application
Rendering home/index
Rendered home/_header (0.1ms)
Rendered home/_menu (0.7ms)
Completed in 4ms (View: 3 | 200 OK [http://localhost/]
>>>>>>> 0f4d9888f618b7e0d547bc6047429bf1d844e015


Processing HomeController#index (for 127.0.0.1 at 2010-11-20 20:03:33) [GET]
Rendering template within layouts/application
Rendering home/index
Rendered home/_header (2.6ms)
Rendered home/_menu (10.2ms)
Completed in 149ms (View: 143 | 200 OK [http://localhost/]


Processing PatternsController#index (for 127.0.0.1 at 2010-11-20 20:03:40) [GET]
Rendering template within layouts/application
Rendering patterns/index
Rendered patterns/_quilt (7.8ms)
Rendered patterns/_quilt (5.3ms)
Rendered patterns/_quilt (223.3ms)
Rendered patterns/_quilt (6.0ms)
Rendered patterns/_thumbnails (317.7ms)
Rendered patterns/_quilt (5.9ms)
Rendered home/_header (0.4ms)
Rendered home/_menu (5.1ms)
Completed in 398ms (View: 391 | 200 OK [http://localhost/patterns]


Processing HomeController#index (for 127.0.0.1 at 2010-11-20 20:03:44) [GET]
Rendering template within layouts/application
Rendering home/index
Rendered home/_header (0.5ms)
Rendered home/_menu (4.7ms)
Completed in 25ms (View: 20 | 200 OK [http://localhost/]


Processing HomeController#index (for 127.0.0.1 at 2010-11-20 20:05:07) [GET]
Rendering template within layouts/application
Rendering home/index
Rendered home/_header (0.4ms)
Rendered home/_menu (5.4ms)
Completed in 26ms (View: 20 | 200 OK [http://localhost/]


Processing HomeController#index (for 127.0.0.1 at 2010-11-20 20:05:32) [GET]
Rendering template within layouts/application
Rendering home/index
Rendered home/_header (0.6ms)
Rendered home/_menu (5.1ms)
Completed in 25ms (View: 19 | 200 OK [http://localhost/]


Processing PatternsController#index (for 127.0.0.1 at 2010-11-20 20:05:36) [GET]
Rendering template within layouts/application
Rendering patterns/index
Rendered patterns/_quilt (10.3ms)
Rendered patterns/_quilt (2.0ms)
Rendered patterns/_quilt (2.1ms)
Rendered patterns/_quilt (2.5ms)
Rendered patterns/_thumbnails (107.8ms)
Rendered patterns/_quilt (3.6ms)
Rendered home/_header (0.5ms)
Rendered home/_menu (5.1ms)
Completed in 155ms (View: 149 | 200 OK [http://localhost/patterns]
